[08-Jul-2020 15:25:52 UTC] PHP Notice:  Array to string conversion in /home/vagrant/code/tresconnect/cms/wp-includes/class-wp-editor.php on line 763
[08-Jul-2020 15:25:52 UTC] PHP Stack trace:
[08-Jul-2020 15:25:52 UTC] PHP   1. {main}() /home/vagrant/code/tresconnect/cms/wp-admin/post.php:0
[08-Jul-2020 15:25:52 UTC] PHP   2. require() /home/vagrant/code/tresconnect/cms/wp-admin/post.php:206
[08-Jul-2020 15:25:52 UTC] PHP   3. do_meta_boxes() /home/vagrant/code/tresconnect/cms/wp-admin/edit-form-advanced.php:677
[08-Jul-2020 15:25:52 UTC] PHP   4. ACF_Form_Post->render_meta_box() /home/vagrant/code/tresconnect/cms/wp-admin/includes/template.php:1345
[08-Jul-2020 15:25:52 UTC] PHP   5. acf_render_fields() /home/vagrant/code/tresconnect/cms/wp-content/plugins/advanced-custom-fields-pro/includes/forms/form-post.php:208
[08-Jul-2020 15:25:52 UTC] PHP   6. acf_render_field_wrap() /home/vagrant/code/tresconnect/cms/wp-content/plugins/advanced-custom-fields-pro/includes/acf-field-functions.php:603
[08-Jul-2020 15:25:52 UTC] PHP   7. acf_render_field() /home/vagrant/code/tresconnect/cms/wp-content/plugins/advanced-custom-fields-pro/includes/acf-field-functions.php:744
[08-Jul-2020 15:25:52 UTC] PHP   8. do_action() /home/vagrant/code/tresconnect/cms/wp-content/plugins/advanced-custom-fields-pro/includes/acf-field-functions.php:784
[08-Jul-2020 15:25:52 UTC] PHP   9. WP_Hook->do_action() /home/vagrant/code/tresconnect/cms/wp-includes/plugin.php:478
[08-Jul-2020 15:25:52 UTC] PHP  10. WP_Hook->apply_filters() /home/vagrant/code/tresconnect/cms/wp-includes/class-wp-hook.php:311
[08-Jul-2020 15:25:52 UTC] PHP  11. _acf_apply_hook_variations() /home/vagrant/code/tresconnect/cms/wp-includes/class-wp-hook.php:287
[08-Jul-2020 15:25:52 UTC] PHP  12. do_action_ref_array() /home/vagrant/code/tresconnect/cms/wp-content/plugins/advanced-custom-fields-pro/includes/acf-hook-functions.php:105
[08-Jul-2020 15:25:52 UTC] PHP  13. WP_Hook->do_action() /home/vagrant/code/tresconnect/cms/wp-includes/plugin.php:544
[08-Jul-2020 15:25:52 UTC] PHP  14. WP_Hook->apply_filters() /home/vagrant/code/tresconnect/cms/wp-includes/class-wp-hook.php:311
[08-Jul-2020 15:25:52 UTC] PHP  15. acf_field_flexible_content->render_field() /home/vagrant/code/tresconnect/cms/wp-includes/class-wp-hook.php:287
[08-Jul-2020 15:25:52 UTC] PHP  16. acf_field_flexible_content->render_layout() /home/vagrant/code/tresconnect/cms/wp-content/plugins/advanced-custom-fields-pro/pro/fields/class-acf-field-flexible-content.php:301
[08-Jul-2020 15:25:52 UTC] PHP  17. acf_render_field_wrap() /home/vagrant/code/tresconnect/cms/wp-content/plugins/advanced-custom-fields-pro/pro/fields/class-acf-field-flexible-content.php:493
[08-Jul-2020 15:25:52 UTC] PHP  18. acf_render_field() /home/vagrant/code/tresconnect/cms/wp-content/plugins/advanced-custom-fields-pro/includes/acf-field-functions.php:744
[08-Jul-2020 15:25:52 UTC] PHP  19. do_action() /home/vagrant/code/tresconnect/cms/wp-content/plugins/advanced-custom-fields-pro/includes/acf-field-functions.php:784
[08-Jul-2020 15:25:52 UTC] PHP  20. WP_Hook->do_action() /home/vagrant/code/tresconnect/cms/wp-includes/plugin.php:478
[08-Jul-2020 15:25:52 UTC] PHP  21. WP_Hook->apply_filters() /home/vagrant/code/tresconnect/cms/wp-includes/class-wp-hook.php:311
[08-Jul-2020 15:25:52 UTC] PHP  22. _acf_apply_hook_variations() /home/vagrant/code/tresconnect/cms/wp-includes/class-wp-hook.php:287
[08-Jul-2020 15:25:52 UTC] PHP  23. do_action_ref_array() /home/vagrant/code/tresconnect/cms/wp-content/plugins/advanced-custom-fields-pro/includes/acf-hook-functions.php:105
[08-Jul-2020 15:25:52 UTC] PHP  24. WP_Hook->do_action() /home/vagrant/code/tresconnect/cms/wp-includes/plugin.php:544
[08-Jul-2020 15:25:52 UTC] PHP  25. WP_Hook->apply_filters() /home/vagrant/code/tresconnect/cms/wp-includes/class-wp-hook.php:311
[08-Jul-2020 15:25:52 UTC] PHP  26. acf_field_wysiwyg->render_field() /home/vagrant/code/tresconnect/cms/wp-includes/class-wp-hook.php:287
[08-Jul-2020 15:25:52 UTC] PHP  27. acf_enqueue_uploader() /home/vagrant/code/tresconnect/cms/wp-content/plugins/advanced-custom-fields-pro/includes/fields/class-acf-field-wysiwyg.php:217
[08-Jul-2020 15:25:52 UTC] PHP  28. ACF_Assets->enqueue_uploader() /home/vagrant/code/tresconnect/cms/wp-content/plugins/advanced-custom-fields-pro/includes/assets.php:479
[08-Jul-2020 15:25:52 UTC] PHP  29. wp_editor() /home/vagrant/code/tresconnect/cms/wp-content/plugins/advanced-custom-fields-pro/includes/assets.php:398
[08-Jul-2020 15:25:52 UTC] PHP  30. _WP_Editors::editor() /home/vagrant/code/tresconnect/cms/wp-includes/general-template.php:3412
[08-Jul-2020 15:25:52 UTC] PHP  31. _WP_Editors::editor_settings() /home/vagrant/code/tresconnect/cms/wp-includes/class-wp-editor.php:307
[08-Jul-2020 15:25:52 UTC] PHP  32. implode() /home/vagrant/code/tresconnect/cms/wp-includes/class-wp-editor.php:763
[08-Jul-2020 15:25:52 UTC] PHP Notice:  Array to string conversion in /home/vagrant/code/tresconnect/cms/wp-content/plugins/advanced-custom-fields-pro/includes/fields/class-acf-field-wysiwyg.php on line 191
[08-Jul-2020 15:25:52 UTC] PHP Stack trace:
[08-Jul-2020 15:25:52 UTC] PHP   1. {main}() /home/vagrant/code/tresconnect/cms/wp-admin/post.php:0
[08-Jul-2020 15:25:52 UTC] PHP   2. require() /home/vagrant/code/tresconnect/cms/wp-admin/post.php:206
[08-Jul-2020 15:25:52 UTC] PHP   3. do_meta_boxes() /home/vagrant/code/tresconnect/cms/wp-admin/edit-form-advanced.php:677
[08-Jul-2020 15:25:52 UTC] PHP   4. ACF_Form_Post->render_meta_box() /home/vagrant/code/tresconnect/cms/wp-admin/includes/template.php:1345
[08-Jul-2020 15:25:52 UTC] PHP   5. acf_render_fields() /home/vagrant/code/tresconnect/cms/wp-content/plugins/advanced-custom-fields-pro/includes/forms/form-post.php:208
[08-Jul-2020 15:25:52 UTC] PHP   6. acf_render_field_wrap() /home/vagrant/code/tresconnect/cms/wp-content/plugins/advanced-custom-fields-pro/includes/acf-field-functions.php:603
[08-Jul-2020 15:25:52 UTC] PHP   7. acf_render_field() /home/vagrant/code/tresconnect/cms/wp-content/plugins/advanced-custom-fields-pro/includes/acf-field-functions.php:744
[08-Jul-2020 15:25:52 UTC] PHP   8. do_action() /home/vagrant/code/tresconnect/cms/wp-content/plugins/advanced-custom-fields-pro/includes/acf-field-functions.php:784
[08-Jul-2020 15:25:52 UTC] PHP   9. WP_Hook->do_action() /home/vagrant/code/tresconnect/cms/wp-includes/plugin.php:478
[08-Jul-2020 15:25:52 UTC] PHP  10. WP_Hook->apply_filters() /home/vagrant/code/tresconnect/cms/wp-includes/class-wp-hook.php:311
[08-Jul-2020 15:25:52 UTC] PHP  11. _acf_apply_hook_variations() /home/vagrant/code/tresconnect/cms/wp-includes/class-wp-hook.php:287
[08-Jul-2020 15:25:52 UTC] PHP  12. do_action_ref_array() /home/vagrant/code/tresconnect/cms/wp-content/plugins/advanced-custom-fields-pro/includes/acf-hook-functions.php:105
[08-Jul-2020 15:25:52 UTC] PHP  13. WP_Hook->do_action() /home/vagrant/code/tresconnect/cms/wp-includes/plugin.php:544
[08-Jul-2020 15:25:52 UTC] PHP  14. WP_Hook->apply_filters() /home/vagrant/code/tresconnect/cms/wp-includes/class-wp-hook.php:311
[08-Jul-2020 15:25:52 UTC] PHP  15. acf_field_flexible_content->render_field() /home/vagrant/code/tresconnect/cms/wp-includes/class-wp-hook.php:287
[08-Jul-2020 15:25:52 UTC] PHP  16. acf_field_flexible_content->render_layout() /home/vagrant/code/tresconnect/cms/wp-content/plugins/advanced-custom-fields-pro/pro/fields/class-acf-field-flexible-content.php:301
[08-Jul-2020 15:25:52 UTC] PHP  17. acf_render_field_wrap() /home/vagrant/code/tresconnect/cms/wp-content/plugins/advanced-custom-fields-pro/pro/fields/class-acf-field-flexible-content.php:493
[08-Jul-2020 15:25:52 UTC] PHP  18. acf_render_field() /home/vagrant/code/tresconnect/cms/wp-content/plugins/advanced-custom-fields-pro/includes/acf-field-functions.php:744
[08-Jul-2020 15:25:52 UTC] PHP  19. do_action() /home/vagrant/code/tresconnect/cms/wp-content/plugins/advanced-custom-fields-pro/includes/acf-field-functions.php:784
[08-Jul-2020 15:25:52 UTC] PHP  20. WP_Hook->do_action() /home/vagrant/code/tresconnect/cms/wp-includes/plugin.php:478
[08-Jul-2020 15:25:52 UTC] PHP  21. WP_Hook->apply_filters() /home/vagrant/code/tresconnect/cms/wp-includes/class-wp-hook.php:311
[08-Jul-2020 15:25:52 UTC] PHP  22. _acf_apply_hook_variations() /home/vagrant/code/tresconnect/cms/wp-includes/class-wp-hook.php:287
[08-Jul-2020 15:25:52 UTC] PHP  23. do_action_ref_array() /home/vagrant/code/tresconnect/cms/wp-content/plugins/advanced-custom-fields-pro/includes/acf-hook-functions.php:105
[08-Jul-2020 15:25:52 UTC] PHP  24. WP_Hook->do_action() /home/vagrant/code/tresconnect/cms/wp-includes/plugin.php:544
[08-Jul-2020 15:25:52 UTC] PHP  25. WP_Hook->apply_filters() /home/vagrant/code/tresconnect/cms/wp-includes/class-wp-hook.php:311
[08-Jul-2020 15:25:52 UTC] PHP  26. acf_field_wysiwyg->render_field() /home/vagrant/code/tresconnect/cms/wp-includes/class-wp-hook.php:287
[08-Jul-2020 15:25:52 UTC] PHP  27. acf_enqueue_uploader() /home/vagrant/code/tresconnect/cms/wp-content/plugins/advanced-custom-fields-pro/includes/fields/class-acf-field-wysiwyg.php:217
[08-Jul-2020 15:25:52 UTC] PHP  28. ACF_Assets->enqueue_uploader() /home/vagrant/code/tresconnect/cms/wp-content/plugins/advanced-custom-fields-pro/includes/assets.php:479
[08-Jul-2020 15:25:52 UTC] PHP  29. do_action() /home/vagrant/code/tresconnect/cms/wp-content/plugins/advanced-custom-fields-pro/includes/assets.php:403
[08-Jul-2020 15:25:52 UTC] PHP  30. WP_Hook->do_action() /home/vagrant/code/tresconnect/cms/wp-includes/plugin.php:478
[08-Jul-2020 15:25:52 UTC] PHP  31. WP_Hook->apply_filters() /home/vagrant/code/tresconnect/cms/wp-includes/class-wp-hook.php:311
[08-Jul-2020 15:25:52 UTC] PHP  32. acf_field_wysiwyg->acf_enqueue_uploader() /home/vagrant/code/tresconnect/cms/wp-includes/class-wp-hook.php:287
[08-Jul-2020 15:25:52 UTC] PHP  33. implode() /home/vagrant/code/tresconnect/cms/wp-content/plugins/advanced-custom-fields-pro/includes/fields/class-acf-field-wysiwyg.php:191
[08-Jul-2020 15:30:29 UTC] PHP Notice:  Array to string conversion in /home/vagrant/code/tresconnect/cms/wp-includes/class-wp-editor.php on line 763
[08-Jul-2020 15:30:29 UTC] PHP Stack trace:
[08-Jul-2020 15:30:29 UTC] PHP   1. {main}() /home/vagrant/code/tresconnect/cms/wp-admin/admin.php:0
[08-Jul-2020 15:30:29 UTC] PHP   2. do_action() /home/vagrant/code/tresconnect/cms/wp-admin/admin.php:254
[08-Jul-2020 15:30:29 UTC] PHP   3. WP_Hook->do_action() /home/vagrant/code/tresconnect/cms/wp-includes/plugin.php:478
[08-Jul-2020 15:30:29 UTC] PHP   4. WP_Hook->apply_filters() /home/vagrant/code/tresconnect/cms/wp-includes/class-wp-hook.php:311
[08-Jul-2020 15:30:29 UTC] PHP   5. acf_admin_options_page->html() /home/vagrant/code/tresconnect/cms/wp-includes/class-wp-hook.php:287
[08-Jul-2020 15:30:29 UTC] PHP   6. acf_get_view() /home/vagrant/code/tresconnect/cms/wp-content/plugins/advanced-custom-fields-pro/pro/admin/admin-options-page.php:371
[08-Jul-2020 15:30:29 UTC] PHP   7. include() /home/vagrant/code/tresconnect/cms/wp-content/plugins/advanced-custom-fields-pro/includes/api/api-helpers.php:437
[08-Jul-2020 15:30:29 UTC] PHP   8. do_meta_boxes() /home/vagrant/code/tresconnect/cms/wp-content/plugins/advanced-custom-fields-pro/pro/admin/views/html-options-page.php:32
[08-Jul-2020 15:30:29 UTC] PHP   9. acf_admin_options_page->postbox_acf() /home/vagrant/code/tresconnect/cms/wp-admin/includes/template.php:1345
[08-Jul-2020 15:30:29 UTC] PHP  10. acf_render_fields() /home/vagrant/code/tresconnect/cms/wp-content/plugins/advanced-custom-fields-pro/pro/admin/admin-options-page.php:343
[08-Jul-2020 15:30:29 UTC] PHP  11. acf_render_field_wrap() /home/vagrant/code/tresconnect/cms/wp-content/plugins/advanced-custom-fields-pro/includes/acf-field-functions.php:603
[08-Jul-2020 15:30:29 UTC] PHP  12. acf_render_field() /home/vagrant/code/tresconnect/cms/wp-content/plugins/advanced-custom-fields-pro/includes/acf-field-functions.php:744
[08-Jul-2020 15:30:29 UTC] PHP  13. do_action() /home/vagrant/code/tresconnect/cms/wp-content/plugins/advanced-custom-fields-pro/includes/acf-field-functions.php:784
[08-Jul-2020 15:30:29 UTC] PHP  14. WP_Hook->do_action() /home/vagrant/code/tresconnect/cms/wp-includes/plugin.php:478
[08-Jul-2020 15:30:29 UTC] PHP  15. WP_Hook->apply_filters() /home/vagrant/code/tresconnect/cms/wp-includes/class-wp-hook.php:311
[08-Jul-2020 15:30:29 UTC] PHP  16. _acf_apply_hook_variations() /home/vagrant/code/tresconnect/cms/wp-includes/class-wp-hook.php:287
[08-Jul-2020 15:30:29 UTC] PHP  17. do_action_ref_array() /home/vagrant/code/tresconnect/cms/wp-content/plugins/advanced-custom-fields-pro/includes/acf-hook-functions.php:105
[08-Jul-2020 15:30:29 UTC] PHP  18. WP_Hook->do_action() /home/vagrant/code/tresconnect/cms/wp-includes/plugin.php:544
[08-Jul-2020 15:30:29 UTC] PHP  19. WP_Hook->apply_filters() /home/vagrant/code/tresconnect/cms/wp-includes/class-wp-hook.php:311
[08-Jul-2020 15:30:29 UTC] PHP  20. acf_field_image->render_field() /home/vagrant/code/tresconnect/cms/wp-includes/class-wp-hook.php:287
[08-Jul-2020 15:30:29 UTC] PHP  21. acf_enqueue_uploader() /home/vagrant/code/tresconnect/cms/wp-content/plugins/advanced-custom-fields-pro/includes/fields/class-acf-field-image.php:84
[08-Jul-2020 15:30:29 UTC] PHP  22. ACF_Assets->enqueue_uploader() /home/vagrant/code/tresconnect/cms/wp-content/plugins/advanced-custom-fields-pro/includes/assets.php:479
[08-Jul-2020 15:30:29 UTC] PHP  23. wp_editor() /home/vagrant/code/tresconnect/cms/wp-content/plugins/advanced-custom-fields-pro/includes/assets.php:398
[08-Jul-2020 15:30:29 UTC] PHP  24. _WP_Editors::editor() /home/vagrant/code/tresconnect/cms/wp-includes/general-template.php:3412
[08-Jul-2020 15:30:29 UTC] PHP  25. _WP_Editors::editor_settings() /home/vagrant/code/tresconnect/cms/wp-includes/class-wp-editor.php:307
[08-Jul-2020 15:30:29 UTC] PHP  26. implode() /home/vagrant/code/tresconnect/cms/wp-includes/class-wp-editor.php:763
[08-Jul-2020 15:30:29 UTC] PHP Notice:  Array to string conversion in /home/vagrant/code/tresconnect/cms/wp-content/plugins/advanced-custom-fields-pro/includes/fields/class-acf-field-wysiwyg.php on line 191
[08-Jul-2020 15:30:29 UTC] PHP Stack trace:
[08-Jul-2020 15:30:29 UTC] PHP   1. {main}() /home/vagrant/code/tresconnect/cms/wp-admin/admin.php:0
[08-Jul-2020 15:30:29 UTC] PHP   2. do_action() /home/vagrant/code/tresconnect/cms/wp-admin/admin.php:254
[08-Jul-2020 15:30:29 UTC] PHP   3. WP_Hook->do_action() /home/vagrant/code/tresconnect/cms/wp-includes/plugin.php:478
[08-Jul-2020 15:30:29 UTC] PHP   4. WP_Hook->apply_filters() /home/vagrant/code/tresconnect/cms/wp-includes/class-wp-hook.php:311
[08-Jul-2020 15:30:29 UTC] PHP   5. acf_admin_options_page->html() /home/vagrant/code/tresconnect/cms/wp-includes/class-wp-hook.php:287
[08-Jul-2020 15:30:29 UTC] PHP   6. acf_get_view() /home/vagrant/code/tresconnect/cms/wp-content/plugins/advanced-custom-fields-pro/pro/admin/admin-options-page.php:371
[08-Jul-2020 15:30:29 UTC] PHP   7. include() /home/vagrant/code/tresconnect/cms/wp-content/plugins/advanced-custom-fields-pro/includes/api/api-helpers.php:437
[08-Jul-2020 15:30:29 UTC] PHP   8. do_meta_boxes() /home/vagrant/code/tresconnect/cms/wp-content/plugins/advanced-custom-fields-pro/pro/admin/views/html-options-page.php:32
[08-Jul-2020 15:30:29 UTC] PHP   9. acf_admin_options_page->postbox_acf() /home/vagrant/code/tresconnect/cms/wp-admin/includes/template.php:1345
[08-Jul-2020 15:30:29 UTC] PHP  10. acf_render_fields() /home/vagrant/code/tresconnect/cms/wp-content/plugins/advanced-custom-fields-pro/pro/admin/admin-options-page.php:343
[08-Jul-2020 15:30:29 UTC] PHP  11. acf_render_field_wrap() /home/vagrant/code/tresconnect/cms/wp-content/plugins/advanced-custom-fields-pro/includes/acf-field-functions.php:603
[08-Jul-2020 15:30:29 UTC] PHP  12. acf_render_field() /home/vagrant/code/tresconnect/cms/wp-content/plugins/advanced-custom-fields-pro/includes/acf-field-functions.php:744
[08-Jul-2020 15:30:29 UTC] PHP  13. do_action() /home/vagrant/code/tresconnect/cms/wp-content/plugins/advanced-custom-fields-pro/includes/acf-field-functions.php:784
[08-Jul-2020 15:30:29 UTC] PHP  14. WP_Hook->do_action() /home/vagrant/code/tresconnect/cms/wp-includes/plugin.php:478
[08-Jul-2020 15:30:29 UTC] PHP  15. WP_Hook->apply_filters() /home/vagrant/code/tresconnect/cms/wp-includes/class-wp-hook.php:311
[08-Jul-2020 15:30:29 UTC] PHP  16. _acf_apply_hook_variations() /home/vagrant/code/tresconnect/cms/wp-includes/class-wp-hook.php:287
[08-Jul-2020 15:30:29 UTC] PHP  17. do_action_ref_array() /home/vagrant/code/tresconnect/cms/wp-content/plugins/advanced-custom-fields-pro/includes/acf-hook-functions.php:105
[08-Jul-2020 15:30:29 UTC] PHP  18. WP_Hook->do_action() /home/vagrant/code/tresconnect/cms/wp-includes/plugin.php:544
[08-Jul-2020 15:30:29 UTC] PHP  19. WP_Hook->apply_filters() /home/vagrant/code/tresconnect/cms/wp-includes/class-wp-hook.php:311
[08-Jul-2020 15:30:29 UTC] PHP  20. acf_field_image->render_field() /home/vagrant/code/tresconnect/cms/wp-includes/class-wp-hook.php:287
[08-Jul-2020 15:30:29 UTC] PHP  21. acf_enqueue_uploader() /home/vagrant/code/tresconnect/cms/wp-content/plugins/advanced-custom-fields-pro/includes/fields/class-acf-field-image.php:84
[08-Jul-2020 15:30:29 UTC] PHP  22. ACF_Assets->enqueue_uploader() /home/vagrant/code/tresconnect/cms/wp-content/plugins/advanced-custom-fields-pro/includes/assets.php:479
[08-Jul-2020 15:30:29 UTC] PHP  23. do_action() /home/vagrant/code/tresconnect/cms/wp-content/plugins/advanced-custom-fields-pro/includes/assets.php:403
[08-Jul-2020 15:30:29 UTC] PHP  24. WP_Hook->do_action() /home/vagrant/code/tresconnect/cms/wp-includes/plugin.php:478
[08-Jul-2020 15:30:29 UTC] PHP  25. WP_Hook->apply_filters() /home/vagrant/code/tresconnect/cms/wp-includes/class-wp-hook.php:311
[08-Jul-2020 15:30:29 UTC] PHP  26. acf_field_wysiwyg->acf_enqueue_uploader() /home/vagrant/code/tresconnect/cms/wp-includes/class-wp-hook.php:287
[08-Jul-2020 15:30:29 UTC] PHP  27. implode() /home/vagrant/code/tresconnect/cms/wp-content/plugins/advanced-custom-fields-pro/includes/fields/class-acf-field-wysiwyg.php:191
[08-Jul-2020 15:30:32 UTC] PHP Notice:  Array to string conversion in /home/vagrant/code/tresconnect/cms/wp-includes/class-wp-editor.php on line 763
[08-Jul-2020 15:30:32 UTC] PHP Stack trace:
[08-Jul-2020 15:30:32 UTC] PHP   1. {main}() /home/vagrant/code/tresconnect/cms/wp-admin/admin.php:0
[08-Jul-2020 15:30:32 UTC] PHP   2. do_action() /home/vagrant/code/tresconnect/cms/wp-admin/admin.php:254
[08-Jul-2020 15:30:32 UTC] PHP   3. WP_Hook->do_action() /home/vagrant/code/tresconnect/cms/wp-includes/plugin.php:478
[08-Jul-2020 15:30:32 UTC] PHP   4. WP_Hook->apply_filters() /home/vagrant/code/tresconnect/cms/wp-includes/class-wp-hook.php:311
[08-Jul-2020 15:30:32 UTC] PHP   5. acf_admin_options_page->html() /home/vagrant/code/tresconnect/cms/wp-includes/class-wp-hook.php:287
[08-Jul-2020 15:30:32 UTC] PHP   6. acf_get_view() /home/vagrant/code/tresconnect/cms/wp-content/plugins/advanced-custom-fields-pro/pro/admin/admin-options-page.php:371
[08-Jul-2020 15:30:32 UTC] PHP   7. include() /home/vagrant/code/tresconnect/cms/wp-content/plugins/advanced-custom-fields-pro/includes/api/api-helpers.php:437
[08-Jul-2020 15:30:32 UTC] PHP   8. do_meta_boxes() /home/vagrant/code/tresconnect/cms/wp-content/plugins/advanced-custom-fields-pro/pro/admin/views/html-options-page.php:32
[08-Jul-2020 15:30:32 UTC] PHP   9. acf_admin_options_page->postbox_acf() /home/vagrant/code/tresconnect/cms/wp-admin/includes/template.php:1345
[08-Jul-2020 15:30:32 UTC] PHP  10. acf_render_fields() /home/vagrant/code/tresconnect/cms/wp-content/plugins/advanced-custom-fields-pro/pro/admin/admin-options-page.php:343
[08-Jul-2020 15:30:32 UTC] PHP  11. acf_render_field_wrap() /home/vagrant/code/tresconnect/cms/wp-content/plugins/advanced-custom-fields-pro/includes/acf-field-functions.php:603
[08-Jul-2020 15:30:32 UTC] PHP  12. acf_render_field() /home/vagrant/code/tresconnect/cms/wp-content/plugins/advanced-custom-fields-pro/includes/acf-field-functions.php:744
[08-Jul-2020 15:30:32 UTC] PHP  13. do_action() /home/vagrant/code/tresconnect/cms/wp-content/plugins/advanced-custom-fields-pro/includes/acf-field-functions.php:784
[08-Jul-2020 15:30:32 UTC] PHP  14. WP_Hook->do_action() /home/vagrant/code/tresconnect/cms/wp-includes/plugin.php:478
[08-Jul-2020 15:30:32 UTC] PHP  15. WP_Hook->apply_filters() /home/vagrant/code/tresconnect/cms/wp-includes/class-wp-hook.php:311
[08-Jul-2020 15:30:32 UTC] PHP  16. _acf_apply_hook_variations() /home/vagrant/code/tresconnect/cms/wp-includes/class-wp-hook.php:287
[08-Jul-2020 15:30:32 UTC] PHP  17. do_action_ref_array() /home/vagrant/code/tresconnect/cms/wp-content/plugins/advanced-custom-fields-pro/includes/acf-hook-functions.php:105
[08-Jul-2020 15:30:32 UTC] PHP  18. WP_Hook->do_action() /home/vagrant/code/tresconnect/cms/wp-includes/plugin.php:544
[08-Jul-2020 15:30:32 UTC] PHP  19. WP_Hook->apply_filters() /home/vagrant/code/tresconnect/cms/wp-includes/class-wp-hook.php:311
[08-Jul-2020 15:30:32 UTC] PHP  20. acf_field_image->render_field() /home/vagrant/code/tresconnect/cms/wp-includes/class-wp-hook.php:287
[08-Jul-2020 15:30:32 UTC] PHP  21. acf_enqueue_uploader() /home/vagrant/code/tresconnect/cms/wp-content/plugins/advanced-custom-fields-pro/includes/fields/class-acf-field-image.php:84
[08-Jul-2020 15:30:32 UTC] PHP  22. ACF_Assets->enqueue_uploader() /home/vagrant/code/tresconnect/cms/wp-content/plugins/advanced-custom-fields-pro/includes/assets.php:479
[08-Jul-2020 15:30:32 UTC] PHP  23. wp_editor() /home/vagrant/code/tresconnect/cms/wp-content/plugins/advanced-custom-fields-pro/includes/assets.php:398
[08-Jul-2020 15:30:32 UTC] PHP  24. _WP_Editors::editor() /home/vagrant/code/tresconnect/cms/wp-includes/general-template.php:3412
[08-Jul-2020 15:30:32 UTC] PHP  25. _WP_Editors::editor_settings() /home/vagrant/code/tresconnect/cms/wp-includes/class-wp-editor.php:307
[08-Jul-2020 15:30:32 UTC] PHP  26. implode() /home/vagrant/code/tresconnect/cms/wp-includes/class-wp-editor.php:763
[08-Jul-2020 15:30:32 UTC] PHP Notice:  Array to string conversion in /home/vagrant/code/tresconnect/cms/wp-content/plugins/advanced-custom-fields-pro/includes/fields/class-acf-field-wysiwyg.php on line 191
[08-Jul-2020 15:30:32 UTC] PHP Stack trace:
[08-Jul-2020 15:30:32 UTC] PHP   1. {main}() /home/vagrant/code/tresconnect/cms/wp-admin/admin.php:0
[08-Jul-2020 15:30:32 UTC] PHP   2. do_action() /home/vagrant/code/tresconnect/cms/wp-admin/admin.php:254
[08-Jul-2020 15:30:32 UTC] PHP   3. WP_Hook->do_action() /home/vagrant/code/tresconnect/cms/wp-includes/plugin.php:478
[08-Jul-2020 15:30:32 UTC] PHP   4. WP_Hook->apply_filters() /home/vagrant/code/tresconnect/cms/wp-includes/class-wp-hook.php:311
[08-Jul-2020 15:30:32 UTC] PHP   5. acf_admin_options_page->html() /home/vagrant/code/tresconnect/cms/wp-includes/class-wp-hook.php:287
[08-Jul-2020 15:30:32 UTC] PHP   6. acf_get_view() /home/vagrant/code/tresconnect/cms/wp-content/plugins/advanced-custom-fields-pro/pro/admin/admin-options-page.php:371
[08-Jul-2020 15:30:32 UTC] PHP   7. include() /home/vagrant/code/tresconnect/cms/wp-content/plugins/advanced-custom-fields-pro/includes/api/api-helpers.php:437
[08-Jul-2020 15:30:32 UTC] PHP   8. do_meta_boxes() /home/vagrant/code/tresconnect/cms/wp-content/plugins/advanced-custom-fields-pro/pro/admin/views/html-options-page.php:32
[08-Jul-2020 15:30:32 UTC] PHP   9. acf_admin_options_page->postbox_acf() /home/vagrant/code/tresconnect/cms/wp-admin/includes/template.php:1345
[08-Jul-2020 15:30:32 UTC] PHP  10. acf_render_fields() /home/vagrant/code/tresconnect/cms/wp-content/plugins/advanced-custom-fields-pro/pro/admin/admin-options-page.php:343
[08-Jul-2020 15:30:32 UTC] PHP  11. acf_render_field_wrap() /home/vagrant/code/tresconnect/cms/wp-content/plugins/advanced-custom-fields-pro/includes/acf-field-functions.php:603
[08-Jul-2020 15:30:32 UTC] PHP  12. acf_render_field() /home/vagrant/code/tresconnect/cms/wp-content/plugins/advanced-custom-fields-pro/includes/acf-field-functions.php:744
[08-Jul-2020 15:30:32 UTC] PHP  13. do_action() /home/vagrant/code/tresconnect/cms/wp-content/plugins/advanced-custom-fields-pro/includes/acf-field-functions.php:784
[08-Jul-2020 15:30:32 UTC] PHP  14. WP_Hook->do_action() /home/vagrant/code/tresconnect/cms/wp-includes/plugin.php:478
[08-Jul-2020 15:30:32 UTC] PHP  15. WP_Hook->apply_filters() /home/vagrant/code/tresconnect/cms/wp-includes/class-wp-hook.php:311
[08-Jul-2020 15:30:32 UTC] PHP  16. _acf_apply_hook_variations() /home/vagrant/code/tresconnect/cms/wp-includes/class-wp-hook.php:287
[08-Jul-2020 15:30:32 UTC] PHP  17. do_action_ref_array() /home/vagrant/code/tresconnect/cms/wp-content/plugins/advanced-custom-fields-pro/includes/acf-hook-functions.php:105
[08-Jul-2020 15:30:32 UTC] PHP  18. WP_Hook->do_action() /home/vagrant/code/tresconnect/cms/wp-includes/plugin.php:544
[08-Jul-2020 15:30:32 UTC] PHP  19. WP_Hook->apply_filters() /home/vagrant/code/tresconnect/cms/wp-includes/class-wp-hook.php:311
[08-Jul-2020 15:30:32 UTC] PHP  20. acf_field_image->render_field() /home/vagrant/code/tresconnect/cms/wp-includes/class-wp-hook.php:287
[08-Jul-2020 15:30:32 UTC] PHP  21. acf_enqueue_uploader() /home/vagrant/code/tresconnect/cms/wp-content/plugins/advanced-custom-fields-pro/includes/fields/class-acf-field-image.php:84
[08-Jul-2020 15:30:32 UTC] PHP  22. ACF_Assets->enqueue_uploader() /home/vagrant/code/tresconnect/cms/wp-content/plugins/advanced-custom-fields-pro/includes/assets.php:479
[08-Jul-2020 15:30:32 UTC] PHP  23. do_action() /home/vagrant/code/tresconnect/cms/wp-content/plugins/advanced-custom-fields-pro/includes/assets.php:403
[08-Jul-2020 15:30:32 UTC] PHP  24. WP_Hook->do_action() /home/vagrant/code/tresconnect/cms/wp-includes/plugin.php:478
[08-Jul-2020 15:30:32 UTC] PHP  25. WP_Hook->apply_filters() /home/vagrant/code/tresconnect/cms/wp-includes/class-wp-hook.php:311
[08-Jul-2020 15:30:32 UTC] PHP  26. acf_field_wysiwyg->acf_enqueue_uploader() /home/vagrant/code/tresconnect/cms/wp-includes/class-wp-hook.php:287
[08-Jul-2020 15:30:32 UTC] PHP  27. implode() /home/vagrant/code/tresconnect/cms/wp-content/plugins/advanced-custom-fields-pro/includes/fields/class-acf-field-wysiwyg.php:191
[08-Jul-2020 16:01:34 UTC] PHP Warning:  Wystąpił nieoczekiwany błąd. Coś może być nie tak z WordPress.org lub konfiguracją Twojego serwera. Jeśli problem będzie się powtarzał, spróbuj znaleźć pomoc na <a href="https://pl.wordpress.org/support/">forum pomocy technicznej</a>. (WordPress nie mógł stworzyć bezpiecznego połączenia z WordPress.org. Skontaktuj się z administratorem swojego serwera). in /home/vagrant/code/tresconnect/cms/wp-includes/update.php on line 388
[08-Jul-2020 16:01:34 UTC] PHP Stack trace:
[08-Jul-2020 16:01:34 UTC] PHP   1. {main}() /home/vagrant/code/tresconnect/cms/wp-admin/plugins.php:0
[08-Jul-2020 16:01:34 UTC] PHP   2. require_once() /home/vagrant/code/tresconnect/cms/wp-admin/plugins.php:10
[08-Jul-2020 16:01:34 UTC] PHP   3. do_action() /home/vagrant/code/tresconnect/cms/wp-admin/admin.php:367
[08-Jul-2020 16:01:34 UTC] PHP   4. WP_Hook->do_action() /home/vagrant/code/tresconnect/cms/wp-includes/plugin.php:478
[08-Jul-2020 16:01:34 UTC] PHP   5. WP_Hook->apply_filters() /home/vagrant/code/tresconnect/cms/wp-includes/class-wp-hook.php:311
[08-Jul-2020 16:01:34 UTC] PHP   6. wp_update_plugins() /home/vagrant/code/tresconnect/cms/wp-includes/class-wp-hook.php:287
[08-Jul-2020 16:01:34 UTC] PHP   7. trigger_error() /home/vagrant/code/tresconnect/cms/wp-includes/update.php:388
